# JRE version: Java(TM) SE Runtime Environment (8.0_121-b13) (build 1.8.0_121-b13)
# Java VM: Java HotSpot(TM) Client VM (25.121-b13 mixed mode windows-x86 )
Heap:
 def new generation   total 6912K, used 2287K [0x03e00000, 0x04580000, 0x09350000)
  eden space 6144K,  37% used [0x03e00000, 0x0403bd88, 0x04400000)
  from space 768K,   0% used [0x044c0000, 0x044c0000, 0x04580000)
  to   space 768K,   0% used [0x04400000, 0x04400000, 0x044c0000)
 tenured generation   total 15220K, used 7820K [0x09350000, 0x0a22d000, 0x13e00000)
   the space 15220K,  51% used [0x09350000, 0x09af33e0, 0x09af3400, 0x0a22d000)
 Metaspace       used 6146K, capacity 6162K, committed 6272K, reserved 6528K
GC Heap History (10 events):
Event: 3.591 GC heap before
{Heap before GC invocations=402 (full 396):
 def new generation   total 6912K, used 0K [0x03e00000, 0x04580000, 0x09350000)
  eden space 6144K,   0% used [0x03e00000, 0x03e00000, 0x04400000)
  from space 768K,   0% used [0x044c0000, 0x044c0000, 0x04580000)
  to   space 768K,   0% used [0x04400000, 0x04400000, 0x044c0000)
 tenured generation   total 15220K, used 7767K [0x09350000, 0x0a22d000, 0x13e00000)
   the space 15220K,  51% used [0x09350000, 0x09ae5ff0, 0x09ae6000, 0x0a22d000)
 Metaspace       used 5810K, capacity 5842K, committed 5888K, reserved 6528K
Event: 3.600 GC heap after
Heap after GC invocations=403 (full 397):
 def new generation   total 6912K, used 0K [0x03e00000, 0x04580000, 0x09350000)
  eden space 6144K,   0% used [0x03e00000, 0x03e00000, 0x04400000)
  from space 768K,   0% used [0x044c0000, 0x044c0000, 0x04580000)
  to   space 768K,   0% used [0x04400000, 0x04400000, 0x044c0000)
 tenured generation   total 15220K, used 7767K [0x09350000, 0x0a22d000, 0x13e00000)
   the space 15220K,  51% used [0x09350000, 0x09ae5ff0, 0x09ae6000, 0x0a22d000)
 Metaspace       used 5810K, capacity 5842K, committed 5888K, reserved 6528K
}
Event: 3.600 GC heap before
{Heap before GC invocations=403 (full 397):
 def new generation   total 6912K, used 122K [0x03e00000, 0x04580000, 0x09350000)
  eden space 6144K,   2% used [0x03e00000, 0x03e1eb88, 0x04400000)
  from space 768K,   0% used [0x044c0000, 0x044c0000, 0x04580000)
  to   space 768K,   0% used [0x04400000, 0x04400000, 0x044c0000)
 tenured generation   total 15220K, used 7767K [0x09350000, 0x0a22d000, 0x13e00000)
   the space 15220K,  51% used [0x09350000, 0x09ae5ff0, 0x09ae6000, 0x0a22d000)
 Metaspace       used 5810K, capacity 5842K, committed 5888K, reserved 6528K
Event: 3.609 GC heap after
Heap after GC invocations=404 (full 398):
 def new generation   total 6912K, used 0K [0x03e00000, 0x04580000, 0x09350000)
  eden space 6144K,   0% used [0x03e00000, 0x03e00000, 0x04400000)
  from space 768K,   0% used [0x044c0000, 0x044c0000, 0x04580000)
  to   space 768K,   0% used [0x04400000, 0x04400000, 0x044c0000)
 tenured generation   total 15220K, used 7785K [0x09350000, 0x0a22d000, 0x13e00000)
   the space 15220K,  51% used [0x09350000, 0x09aea520, 0x09aea600, 0x0a22d000)
 Metaspace       used 5810K, capacity 5842K, committed 5888K, reserved 6528K
}
Event: 3.609 GC heap before
{Heap before GC invocations=404 (full 398):
 def new generation   total 6912K, used 123K [0x03e00000, 0x04580000, 0x09350000)
  eden space 6144K,   2% used [0x03e00000, 0x03e1ee88, 0x04400000)
  from space 768K,   0% used [0x044c0000, 0x044c0000, 0x04580000)
  to   space 768K,   0% used [0x04400000, 0x04400000, 0x044c0000)
 tenured generation   total 15220K, used 7785K [0x09350000, 0x0a22d000, 0x13e00000)
   the space 15220K,  51% used [0x09350000, 0x09aea520, 0x09aea600, 0x0a22d000)
 Metaspace       used 5810K, capacity 5842K, committed 5888K, reserved 6528K
Event: 3.619 GC heap after
Heap after GC invocations=405 (full 399):
 def new generation   total 6912K, used 0K [0x03e00000, 0x04580000, 0x09350000)
  eden space 6144K,   0% used [0x03e00000, 0x03e00000, 0x04400000)
  from space 768K,   0% used [0x044c0000, 0x044c0000, 0x04580000)
  to   space 768K,   0% used [0x04400000, 0x04400000, 0x044c0000)
 tenured generation   total 15220K, used 7791K [0x09350000, 0x0a22d000, 0x13e00000)
   the space 15220K,  51% used [0x09350000, 0x09aebc08, 0x09aebe00, 0x0a22d000)
 Metaspace       used 5810K, capacity 5842K, committed 5888K, reserved 6528K
}
Event: 3.619 GC heap before
{Heap before GC invocations=405 (full 399):
 def new generation   total 6912K, used 0K [0x03e00000, 0x04580000, 0x09350000)
  eden space 6144K,   0% used [0x03e00000, 0x03e00000, 0x04400000)
  from space 768K,   0% used [0x044c0000, 0x044c0000, 0x04580000)
  to   space 768K,   0% used [0x04400000, 0x04400000, 0x044c0000)
 tenured generation   total 15220K, used 7791K [0x09350000, 0x0a22d000, 0x13e00000)
   the space 15220K,  51% used [0x09350000, 0x09aebc08, 0x09aebe00, 0x0a22d000)
 Metaspace       used 5810K, capacity 5842K, committed 5888K, reserved 6528K
Event: 3.629 GC heap after
Heap after GC invocations=406 (full 400):
 def new generation   total 6912K, used 0K [0x03e00000, 0x04580000, 0x09350000)
  eden space 6144K,   0% used [0x03e00000, 0x03e00000, 0x04400000)
  from space 768K,   0% used [0x044c0000, 0x044c0000, 0x04580000)
  to   space 768K,   0% used [0x04400000, 0x04400000, 0x044c0000)
 tenured generation   total 15220K, used 7778K [0x09350000, 0x0a22d000, 0x13e00000)
   the space 15220K,  51% used [0x09350000, 0x09ae8878, 0x09ae8a00, 0x0a22d000)
 Metaspace       used 5810K, capacity 5842K, committed 5888K, reserved 6528K
}
Event: 3.629 GC heap before
{Heap before GC invocations=406 (full 400):
 def new generation   total 6912K, used 122K [0x03e00000, 0x04580000, 0x09350000)
  eden space 6144K,   2% used [0x03e00000, 0x03e1eb88, 0x04400000)
  from space 768K,   0% used [0x044c0000, 0x044c0000, 0x04580000)
  to   space 768K,   0% used [0x04400000, 0x04400000, 0x044c0000)
 tenured generation   total 15220K, used 7778K [0x09350000, 0x0a22d000, 0x13e00000)
   the space 15220K,  51% used [0x09350000, 0x09ae8878, 0x09ae8a00, 0x0a22d000)
 Metaspace       used 5810K, capacity 5842K, committed 5888K, reserved 6528K
Event: 3.638 GC heap after
Heap after GC invocations=407 (full 401):
 def new generation   total 6912K, used 0K [0x03e00000, 0x04580000, 0x09350000)
  eden space 6144K,   0% used [0x03e00000, 0x03e00000, 0x04400000)
  from space 768K,   0% used [0x044c0000, 0x044c0000, 0x04580000)
  to   space 768K,   0% used [0x04400000, 0x04400000, 0x044c0000)
 tenured generation   total 15220K, used 7820K [0x09350000, 0x0a22d000, 0x13e00000)
   the space 15220K,  51% used [0x09350000, 0x09af33e0, 0x09af3400, 0x0a22d000)
 Metaspace       used 5810K, capacity 5842K, committed 5888K, reserved 6528K
}

