# JRE version: Java(TM) SE Runtime Environment (8.0_121-b13) (build 1.8.0_121-b13)
# Java VM: Java HotSpot(TM) Client VM (25.121-b13 mixed mode windows-x86 )
Heap:
 def new generation   total 6912K, used 0K [0x03e00000, 0x04570000, 0x09350000)
  eden space 6208K,   0% used [0x03e00000, 0x03e00000, 0x04410000)
  from space 704K,   0% used [0x044c0000, 0x044c0000, 0x04570000)
  to   space 704K,   0% used [0x04410000, 0x04410000, 0x044c0000)
 tenured generation   total 15164K, used 6550K [0x09350000, 0x0a21f000, 0x13e00000)
   the space 15164K,  43% used [0x09350000, 0x099b5950, 0x099a9400, 0x0a21f000)
 Metaspace       used 5810K, capacity 5842K, committed 5888K, reserved 6528K
GC Heap History (10 events):
Event: 1.212 GC heap after
Heap after GC invocations=122 (full 116):
 def new generation   total 6912K, used 0K [0x03e00000, 0x04570000, 0x09350000)
  eden space 6208K,   0% used [0x03e00000, 0x03e00000, 0x04410000)
  from space 704K,   0% used [0x044c0000, 0x044c0000, 0x04570000)
  to   space 704K,   0% used [0x04410000, 0x04410000, 0x044c0000)
 tenured generation   total 15164K, used 6522K [0x09350000, 0x0a21f000, 0x13e00000)
   the space 15164K,  43% used [0x09350000, 0x099aea08, 0x099aec00, 0x0a21f000)
 Metaspace       used 5810K, capacity 5842K, committed 5888K, reserved 6528K
}
Event: 1.212 GC heap before
{Heap before GC invocations=122 (full 116):
 def new generation   total 6912K, used 124K [0x03e00000, 0x04570000, 0x09350000)
  eden space 6208K,   2% used [0x03e00000, 0x03e1f3d8, 0x04410000)
  from space 704K,   0% used [0x044c0000, 0x044c0000, 0x04570000)
  to   space 704K,   0% used [0x04410000, 0x04410000, 0x044c0000)
 tenured generation   total 15164K, used 6522K [0x09350000, 0x0a21f000, 0x13e00000)
   the space 15164K,  43% used [0x09350000, 0x099aea08, 0x099aec00, 0x0a21f000)
 Metaspace       used 5810K, capacity 5842K, committed 5888K, reserved 6528K
Event: 1.219 GC heap after
Heap after GC invocations=123 (full 117):
 def new generation   total 6912K, used 0K [0x03e00000, 0x04570000, 0x09350000)
  eden space 6208K,   0% used [0x03e00000, 0x03e00000, 0x04410000)
  from space 704K,   0% used [0x044c0000, 0x044c0000, 0x04570000)
  to   space 704K,   0% used [0x04410000, 0x04410000, 0x044c0000)
 tenured generation   total 15164K, used 6559K [0x09350000, 0x0a21f000, 0x13e00000)
   the space 15164K,  43% used [0x09350000, 0x099b7fb8, 0x099b8000, 0x0a21f000)
 Metaspace       used 5810K, capacity 5842K, committed 5888K, reserved 6528K
}
Event: 1.219 GC heap before
{Heap before GC invocations=123 (full 117):
 def new generation   total 6912K, used 0K [0x03e00000, 0x04570000, 0x09350000)
  eden space 6208K,   0% used [0x03e00000, 0x03e00000, 0x04410000)
  from space 704K,   0% used [0x044c0000, 0x044c0000, 0x04570000)
  to   space 704K,   0% used [0x04410000, 0x04410000, 0x044c0000)
 tenured generation   total 15164K, used 6559K [0x09350000, 0x0a21f000, 0x13e00000)
   the space 15164K,  43% used [0x09350000, 0x099b7fb8, 0x099b8000, 0x0a21f000)
 Metaspace       used 5810K, capacity 5842K, committed 5888K, reserved 6528K
Event: 1.225 GC heap after
Heap after GC invocations=124 (full 118):
 def new generation   total 6912K, used 0K [0x03e00000, 0x04570000, 0x09350000)
  eden space 6208K,   0% used [0x03e00000, 0x03e00000, 0x04410000)
  from space 704K,   0% used [0x044c0000, 0x044c0000, 0x04570000)
  to   space 704K,   0% used [0x04410000, 0x04410000, 0x044c0000)
 tenured generation   total 15164K, used 6559K [0x09350000, 0x0a21f000, 0x13e00000)
   the space 15164K,  43% used [0x09350000, 0x099b7fb8, 0x099b8000, 0x0a21f000)
 Metaspace       used 5810K, capacity 5842K, committed 5888K, reserved 6528K
}
Event: 1.225 GC heap before
{Heap before GC invocations=124 (full 118):
 def new generation   total 6912K, used 124K [0x03e00000, 0x04570000, 0x09350000)
  eden space 6208K,   2% used [0x03e00000, 0x03e1f0d8, 0x04410000)
  from space 704K,   0% used [0x044c0000, 0x044c0000, 0x04570000)
  to   space 704K,   0% used [0x04410000, 0x04410000, 0x044c0000)
 tenured generation   total 15164K, used 6559K [0x09350000, 0x0a21f000, 0x13e00000)
   the space 15164K,  43% used [0x09350000, 0x099b7fb8, 0x099b8000, 0x0a21f000)
 Metaspace       used 5810K, capacity 5842K, committed 5888K, reserved 6528K
Event: 1.232 GC heap after
Heap after GC invocations=125 (full 119):
 def new generation   total 6912K, used 0K [0x03e00000, 0x04570000, 0x09350000)
  eden space 6208K,   0% used [0x03e00000, 0x03e00000, 0x04410000)
  from space 704K,   0% used [0x044c0000, 0x044c0000, 0x04570000)
  to   space 704K,   0% used [0x04410000, 0x04410000, 0x044c0000)
 tenured generation   total 15164K, used 6629K [0x09350000, 0x0a21f000, 0x13e00000)
   the space 15164K,  43% used [0x09350000, 0x099c9458, 0x099c9600, 0x0a21f000)
 Metaspace       used 5810K, capacity 5842K, committed 5888K, reserved 6528K
}
Event: 1.232 GC heap before
{Heap before GC invocations=125 (full 119):
 def new generation   total 6912K, used 249K [0x03e00000, 0x04570000, 0x09350000)
  eden space 6208K,   4% used [0x03e00000, 0x03e3e5c8, 0x04410000)
  from space 704K,   0% used [0x044c0000, 0x044c0000, 0x04570000)
  to   space 704K,   0% used [0x04410000, 0x04410000, 0x044c0000)
 tenured generation   total 15164K, used 6629K [0x09350000, 0x0a21f000, 0x13e00000)
   the space 15164K,  43% used [0x09350000, 0x099c9458, 0x099c9600, 0x0a21f000)
 Metaspace       used 5810K, capacity 5842K, committed 5888K, reserved 6528K
Event: 1.240 GC heap after
Heap after GC invocations=126 (full 120):
 def new generation   total 6912K, used 0K [0x03e00000, 0x04570000, 0x09350000)
  eden space 6208K,   0% used [0x03e00000, 0x03e00000, 0x04410000)
  from space 704K,   0% used [0x044c0000, 0x044c0000, 0x04570000)
  to   space 704K,   0% used [0x04410000, 0x04410000, 0x044c0000)
 tenured generation   total 15164K, used 6550K [0x09350000, 0x0a21f000, 0x13e00000)
   the space 15164K,  43% used [0x09350000, 0x099b5950, 0x099b5a00, 0x0a21f000)
 Metaspace       used 5810K, capacity 5842K, committed 5888K, reserved 6528K
}
Event: 1.240 GC heap before
{Heap before GC invocations=126 (full 120):
 def new generation   total 6912K, used 0K [0x03e00000, 0x04570000, 0x09350000)
  eden space 6208K,   0% used [0x03e00000, 0x03e00000, 0x04410000)
  from space 704K,   0% used [0x044c0000, 0x044c0000, 0x04570000)
  to   space 704K,   0% used [0x04410000, 0x04410000, 0x044c0000)
 tenured generation   total 15164K, used 6550K [0x09350000, 0x0a21f000, 0x13e00000)
   the space 15164K,  43% used [0x09350000, 0x099b5950, 0x099b5a00, 0x0a21f000)
 Metaspace       used 5810K, capacity 5842K, committed 5888K, reserved 6528K

